/*C2*/SET SCHEMA PUBLIC
DELETE FROM DIRECTORS WHERE DIRECTOR_ID=1
DELETE FROM DIRECTORS WHERE DIRECTOR_ID=2
DELETE FROM DIRECTORS WHERE DIRECTOR_ID=3
DELETE FROM DIRECTORS WHERE DIRECTOR_ID=4
DELETE FROM DIRECTORS WHERE DIRECTOR_ID=5
DELETE FROM DIRECTORS WHERE DIRECTOR_ID=6
DELETE FROM DIRECTORS WHERE DIRECTOR_ID=7
DELETE FROM DIRECTORS WHERE DIRECTOR_ID=8
DELETE FROM DIRECTORS WHERE DIRECTOR_ID=9
DELETE FROM DIRECTORS WHERE DIRECTOR_ID=10
DELETE FROM DIRECTORS WHERE DIRECTOR_ID=11
DELETE FROM DIRECTORS WHERE DIRECTOR_ID=12
DELETE FROM DIRECTORS WHERE DIRECTOR_ID=13
DELETE FROM DIRECTORS WHERE DIRECTOR_ID=14
DELETE FROM DIRECTORS WHERE DIRECTOR_ID=15
DELETE FROM DIRECTORS WHERE DIRECTOR_ID=16
DELETE FROM DIRECTORS WHERE DIRECTOR_ID=17
DELETE FROM DIRECTORS WHERE DIRECTOR_ID=18
DELETE FROM DIRECTORS WHERE DIRECTOR_ID=19
DELETE FROM DIRECTORS WHERE DIRECTOR_ID=20
DELETE FROM DIRECTORS WHERE DIRECTOR_ID=21
DELETE FROM DIRECTORS WHERE DIRECTOR_ID=22
DELETE FROM DIRECTORS WHERE DIRECTOR_ID=23
DELETE FROM DIRECTORS WHERE DIRECTOR_ID=24
DELETE FROM DIRECTORS WHERE DIRECTOR_ID=25
DELETE FROM DIRECTORS WHERE DIRECTOR_ID=26
DELETE FROM DIRECTORS WHERE DIRECTOR_ID=27
DELETE FROM DIRECTORS WHERE DIRECTOR_ID=28
DELETE FROM DIRECTORS WHERE DIRECTOR_ID=29
DELETE FROM DIRECTORS WHERE DIRECTOR_ID=30
DELETE FROM DIRECTORS WHERE DIRECTOR_ID=31
DELETE FROM DIRECTORS WHERE DIRECTOR_ID=32
DELETE FROM DIRECTORS WHERE DIRECTOR_ID=33
DELETE FROM DIRECTORS WHERE DIRECTOR_ID=34
DELETE FROM DIRECTORS WHERE DIRECTOR_ID=35
DELETE FROM DIRECTORS WHERE DIRECTOR_ID=36
DELETE FROM DIRECTORS WHERE DIRECTOR_ID=37
DELETE FROM DIRECTORS WHERE DIRECTOR_ID=38
DELETE FROM DIRECTORS WHERE DIRECTOR_ID=39
DELETE FROM DIRECTORS WHERE DIRECTOR_ID=40
DELETE FROM DIRECTORS WHERE DIRECTOR_ID=41
DELETE FROM DIRECTORS WHERE DIRECTOR_ID=42
DELETE FROM DIRECTORS WHERE DIRECTOR_ID=43
DELETE FROM DIRECTORS WHERE DIRECTOR_ID=44
DELETE FROM DIRECTORS WHERE DIRECTOR_ID=45
DELETE FROM DIRECTORS WHERE DIRECTOR_ID=46
DELETE FROM DIRECTORS WHERE DIRECTOR_ID=47
DELETE FROM DIRECTORS WHERE DIRECTOR_ID=48
DELETE FROM DIRECTORS WHERE DIRECTOR_ID=49
DELETE FROM DIRECTORS WHERE DIRECTOR_ID=50
INSERT INTO DIRECTORS VALUES(1,'Sallee Mitskevich','1963-12-18',NULL,'Shuitian')
INSERT INTO DIRECTORS VALUES(2,'Rob Zienkiewicz','1956-12-23',NULL,'Paw\u0142osi\u00f3w')
INSERT INTO DIRECTORS VALUES(3,'Lev Vautin','1955-01-11',NULL,'Oropesa')
INSERT INTO DIRECTORS VALUES(4,'Cathe Cornil','1954-05-06',NULL,'Semey')
INSERT INTO DIRECTORS VALUES(5,'Staford Archard','1974-06-19',NULL,'Sriwing')
INSERT INTO DIRECTORS VALUES(6,'Russell Clashe','1996-05-09',NULL,'Xikou')
INSERT INTO DIRECTORS VALUES(7,'Bart Skea','1965-05-20',NULL,'Anahuac')
INSERT INTO DIRECTORS VALUES(8,'Marisa Brocks','1958-05-21',NULL,'Nangen')
INSERT INTO DIRECTORS VALUES(9,'Serene Aughton','1989-05-18',NULL,'Xianbao')
INSERT INTO DIRECTORS VALUES(10,'Netta Hansom','1992-04-12',NULL,'\u0416\u0435\u043b\u0438\u043d\u043e')
INSERT INTO DIRECTORS VALUES(11,'Natalee Rudloff','1941-05-01',NULL,'Kutao')
INSERT INTO DIRECTORS VALUES(12,'Nady Maun','1973-01-15',NULL,'Sanshui')
INSERT INTO DIRECTORS VALUES(13,'Etti Byron','1981-01-10',NULL,'Orlando')
INSERT INTO DIRECTORS VALUES(14,'Lothario Elsdon','1953-04-04',NULL,'Huangpo')
INSERT INTO DIRECTORS VALUES(15,'Caterina Siddall','1998-06-28',NULL,'Mashan')
INSERT INTO DIRECTORS VALUES(16,'Lamont Duffield','1981-12-08',NULL,'Mekon')
INSERT INTO DIRECTORS VALUES(17,'Flory Aynscombe','1991-09-17',NULL,'Lendava')
INSERT INTO DIRECTORS VALUES(18,'Mair Legier','1948-12-25',NULL,'Jambangan')
INSERT INTO DIRECTORS VALUES(19,'Connie Callander','1995-02-17',NULL,'Sezimovo \u00dast\u00ed')
INSERT INTO DIRECTORS VALUES(20,'Hermine Piff','1962-05-09',NULL,'Macas')
INSERT INTO DIRECTORS VALUES(21,'Evelyn McCritichie','1951-12-31',NULL,'Xuedian')
INSERT INTO DIRECTORS VALUES(22,'Uriel Edling','1966-10-30',NULL,'S\u00e3o Vicente')
INSERT INTO DIRECTORS VALUES(23,'Yvor Crowthe','1979-06-23',NULL,'Gotputuk')
INSERT INTO DIRECTORS VALUES(24,'Sullivan Skate','1990-03-09',NULL,'Xin Bulag')
INSERT INTO DIRECTORS VALUES(25,'Joela Leaver','1992-04-06',NULL,'Bejuco')
INSERT INTO DIRECTORS VALUES(26,'Bran Wohler','1951-03-18',NULL,'Jiworejo')
INSERT INTO DIRECTORS VALUES(27,'Dalila Cubley','1966-11-28',NULL,'Deventer')
INSERT INTO DIRECTORS VALUES(28,'Padriac Camerati','1976-05-30','1986-10-16','Duancun')
INSERT INTO DIRECTORS VALUES(29,'Karisa Merali','1947-10-21',NULL,'Xindian')
INSERT INTO DIRECTORS VALUES(30,'Sybila Bremley','1994-03-13',NULL,'Daphu')
INSERT INTO DIRECTORS VALUES(31,'Clemens Cressor','1963-01-05',NULL,'Thala')
INSERT INTO DIRECTORS VALUES(32,'Jeffrey Busen','1955-08-20',NULL,'Godzisz\u00f3w Pierwszy')
INSERT INTO DIRECTORS VALUES(33,'Winnifred Brownbill','1983-02-13',NULL,'Lagoa do Itaenga')
INSERT INTO DIRECTORS VALUES(34,'Bernita Liebermann','1997-05-01',NULL,'Maoyang')
INSERT INTO DIRECTORS VALUES(35,'Kurt Scollard','1966-07-28',NULL,'Yanggan')
INSERT INTO DIRECTORS VALUES(36,'Mary Jagiela','1967-05-28',NULL,'Ghormach')
INSERT INTO DIRECTORS VALUES(37,'Lucio Fairnington','1965-11-03','1984-08-05','Iwierzyce')
INSERT INTO DIRECTORS VALUES(38,'Irina Edinboro','1997-01-04',NULL,'Kizlyar')
INSERT INTO DIRECTORS VALUES(39,'Myrilla Manicomb','1958-03-23',NULL,'Kaduela')
INSERT INTO DIRECTORS VALUES(40,'Jourdan Bothen','1998-07-10',NULL,'Al Man\u015f\u016brah')
INSERT INTO DIRECTORS VALUES(41,'Rene Jowling','1999-04-16',NULL,'Fushui')
INSERT INTO DIRECTORS VALUES(42,'Sarena Verheyden','1994-10-26',NULL,'Gromadka')
INSERT INTO DIRECTORS VALUES(43,'Violetta Cotelard','1979-08-26',NULL,'Tegalagung')
INSERT INTO DIRECTORS VALUES(44,'Charleen Lechmere','1969-09-01',NULL,'Calape')
INSERT INTO DIRECTORS VALUES(45,'Pearle Rubega','1967-06-17',NULL,'Sendangrejo')
INSERT INTO DIRECTORS VALUES(46,'Curtice Utterson','1974-03-05','1982-04-02','Jeponkrajan')
INSERT INTO DIRECTORS VALUES(47,'Nefen Bending','1971-04-12',NULL,'Longkou')
INSERT INTO DIRECTORS VALUES(48,'Duke Dorrance','1976-07-10',NULL,'Caraguatatuba')
INSERT INTO DIRECTORS VALUES(49,'Anastassia Bisson','1971-01-01',NULL,'Jianshan')
INSERT INTO DIRECTORS VALUES(50,'Sigvard Brownstein','1971-10-29',NULL,'Victoria')
COMMIT
DELETE FROM DIRECTORS WHERE DIRECTOR_ID=28
DELETE FROM DIRECTORS WHERE DIRECTOR_ID=37
DELETE FROM DIRECTORS WHERE DIRECTOR_ID=46
INSERT INTO DIRECTORS VALUES(28,'Padriac Camerati','1976-05-30','1986-10-16','Duancun')
INSERT INTO DIRECTORS VALUES(37,'Lucio Fairnington','1965-11-03','1984-08-05','Iwierzyce')
INSERT INTO DIRECTORS VALUES(46,'Curtice Utterson','1974-03-05','1982-04-02','Jeponkrajan')
COMMIT
DELETE FROM DIRECTORS WHERE DIRECTOR_ID=28
DELETE FROM DIRECTORS WHERE DIRECTOR_ID=37
DELETE FROM DIRECTORS WHERE DIRECTOR_ID=46
INSERT INTO DIRECTORS VALUES(28,'Padriac Camerati','1976-05-30','1986-10-16','Duancun')
INSERT INTO DIRECTORS VALUES(37,'Lucio Fairnington','1965-11-03','1984-08-05','Iwierzyce')
INSERT INTO DIRECTORS VALUES(46,'Curtice Utterson','1974-03-05','1982-04-02','Jeponkrajan')
COMMIT
DELETE FROM DIRECTORS WHERE DIRECTOR_ID=28
DELETE FROM DIRECTORS WHERE DIRECTOR_ID=37
DELETE FROM DIRECTORS WHERE DIRECTOR_ID=46
INSERT INTO DIRECTORS VALUES(28,'Padriac Camerati','1976-05-30','1986-10-16','Duancun')
INSERT INTO DIRECTORS VALUES(37,'Lucio Fairnington','1965-11-03','1984-08-05','Iwierzyce')
INSERT INTO DIRECTORS VALUES(46,'Curtice Utterson','1974-03-05','1982-04-02','Jeponkrajan')
COMMIT
DELETE FROM DIRECTORS WHERE DIRECTOR_ID=28
DELETE FROM DIRECTORS WHERE DIRECTOR_ID=37
DELETE FROM DIRECTORS WHERE DIRECTOR_ID=46
INSERT INTO DIRECTORS VALUES(28,'Padriac Camerati','1976-05-30','1986-10-16','Duancun')
INSERT INTO DIRECTORS VALUES(37,'Lucio Fairnington','1965-11-03','1984-08-05','Iwierzyce')
INSERT INTO DIRECTORS VALUES(46,'Curtice Utterson','1974-03-05','1982-04-02','Jeponkrajan')
COMMIT
